\BOOKMARK [0][-]{chapter.1}{Introducci\363n}{}% 1
\BOOKMARK [1][-]{section.1.1}{Motivaci\363n}{chapter.1}% 2
\BOOKMARK [1][-]{section.1.2}{Planteamiento del problema}{chapter.1}% 3
\BOOKMARK [1][-]{section.1.3}{Hip\363tesis}{chapter.1}% 4
\BOOKMARK [1][-]{section.1.4}{Objetivos}{chapter.1}% 5
\BOOKMARK [2][-]{subsection.1.4.1}{General}{section.1.4}% 6
\BOOKMARK [2][-]{subsection.1.4.2}{Espec\355ficos}{section.1.4}% 7
\BOOKMARK [1][-]{section.1.5}{Descripci\363n del documento}{chapter.1}% 8
\BOOKMARK [0][-]{chapter.2}{Antecedentes}{}% 9
\BOOKMARK [1][-]{section.2.1}{Robots de Servicio en entornos Industriales}{chapter.2}% 10
\BOOKMARK [1][-]{section.2.2}{Visi\363n Computacional}{chapter.2}% 11
\BOOKMARK [2][-]{subsection.2.2.1}{Espacios de color}{section.2.2}% 12
\BOOKMARK [2][-]{subsection.2.2.2}{Segmentaci\363n de Im\341genes}{section.2.2}% 13
\BOOKMARK [2][-]{subsection.2.2.3}{Operaciones Morfol\363gicas}{section.2.2}% 14
\BOOKMARK [1][-]{section.2.3}{Reconocimiento de Objetos}{chapter.2}% 15
\BOOKMARK [1][-]{section.2.4}{M\341quinas de Estado}{chapter.2}% 16
\BOOKMARK [1][-]{section.2.5}{Sistemas expertos}{chapter.2}% 17
\BOOKMARK [1][-]{section.2.6}{Manipulaci\363n del Robot}{chapter.2}% 18
\BOOKMARK [1][-]{section.2.7}{Estado del Arte}{chapter.2}% 19
\BOOKMARK [2][-]{subsection.2.7.1}{Antecedentes en RoboCup Logistics}{section.2.7}% 20
